<?xml version="1.0" encoding="UTF-8"?>
<!-- Generated by org.testng.reporters.JUnitReportReporter -->
<testsuite hostname="POOLW42SLPC7834" failures="0" tests="1" name="test_Update.test_update" time="39.351" errors="0" timestamp="2022-12-09T04:54:08 PST" skipped="0">
  <testcase classname="test_Update.test_update" name="valid_data" time="39.351"/>
  <system-out/>
</testsuite> <!-- test_Update.test_update -->
